111.02.02 10:59 B C:\Documents and Settings\AIOPL\Desktop\fckeditor\editor\_source\internals\fck.js --> ftp.theipa.org /httpdocs/includes/fckeditor/editor/_source/internals fck.js
111.02.02 10:59 B C:\Documents and Settings\AIOPL\Desktop\fckeditor\editor\_source\internals\fck_contextmenu.js --> ftp.theipa.org /httpdocs/includes/fckeditor/editor/_source/internals fck_contextmenu.js
111.02.02 10:59 B C:\Documents and Settings\AIOPL\Desktop\fckeditor\editor\_source\internals\fck_gecko.js --> ftp.theipa.org /httpdocs/includes/fckeditor/editor/_source/internals fck_gecko.js
111.02.02 11:00 B C:\Documents and Settings\AIOPL\Desktop\fckeditor\editor\_source\internals\fck_ie.js --> ftp.theipa.org /httpdocs/includes/fckeditor/editor/_source/internals fck_ie.js
111.02.02 11:00 B C:\Documents and Settings\AIOPL\Desktop\fckeditor\editor\_source\internals\fckbrowserinfo.js --> ftp.theipa.org /httpdocs/includes/fckeditor/editor/_source/internals fckbrowserinfo.js
111.02.02 11:00 B C:\Documents and Settings\AIOPL\Desktop\fckeditor\editor\_source\internals\fckcodeformatter.js --> ftp.theipa.org /httpdocs/includes/fckeditor/editor/_source/internals fckcodeformatter.js
111.02.02 11:00 B C:\Documents and Settings\AIOPL\Desktop\fckeditor\editor\_source\internals\fckcommands.js --> ftp.theipa.org /httpdocs/includes/fckeditor/editor/_source/internals fckcommands.js
111.02.02 11:00 B C:\Documents and Settings\AIOPL\Desktop\fckeditor\editor\_source\internals\fckconfig.js --> ftp.theipa.org /httpdocs/includes/fckeditor/editor/_source/internals fckconfig.js
111.02.02 11:00 B C:\Documents and Settings\AIOPL\Desktop\fckeditor\editor\_source\internals\fckdebug.js --> ftp.theipa.org /httpdocs/includes/fckeditor/editor/_source/internals fckdebug.js
111.02.02 11:00 B C:\Documents and Settings\AIOPL\Desktop\fckeditor\editor\_source\internals\fckdebug_empty.js --> ftp.theipa.org /httpdocs/includes/fckeditor/editor/_source/internals fckdebug_empty.js
111.02.02 11:00 B C:\Documents and Settings\AIOPL\Desktop\fckeditor\editor\_source\internals\fckdialog.js --> ftp.theipa.org /httpdocs/includes/fckeditor/editor/_source/internals fckdialog.js
111.02.02 11:00 B C:\Documents and Settings\AIOPL\Desktop\fckeditor\editor\_source\internals\fckdocumentprocessor.js --> ftp.theipa.org /httpdocs/includes/fckeditor/editor/_source/internals fckdocumentprocessor.js
111.02.02 11:00 B C:\Documents and Settings\AIOPL\Desktop\fckeditor\editor\_source\internals\fckdomtools.js --> ftp.theipa.org /httpdocs/includes/fckeditor/editor/_source/internals fckdomtools.js
111.02.02 11:00 B C:\Documents and Settings\AIOPL\Desktop\fckeditor\editor\_source\internals\fcklanguagemanager.js --> ftp.theipa.org /httpdocs/includes/fckeditor/editor/_source/internals fcklanguagemanager.js
111.02.02 11:00 B C:\Documents and Settings\AIOPL\Desktop\fckeditor\editor\_source\internals\fcklisthandler.js --> ftp.theipa.org /httpdocs/includes/fckeditor/editor/_source/internals fcklisthandler.js
111.02.02 11:00 B C:\Documents and Settings\AIOPL\Desktop\fckeditor\editor\_source\internals\fcklistslib.js --> ftp.theipa.org /httpdocs/includes/fckeditor/editor/_source/internals fcklistslib.js
111.02.02 11:00 B C:\Documents and Settings\AIOPL\Desktop\fckeditor\editor\_source\internals\fckplugins.js --> ftp.theipa.org /httpdocs/includes/fckeditor/editor/_source/internals fckplugins.js
111.02.02 11:00 B C:\Documents and Settings\AIOPL\Desktop\fckeditor\editor\_source\internals\fckregexlib.js --> ftp.theipa.org /httpdocs/includes/fckeditor/editor/_source/internals fckregexlib.js
111.02.02 11:00 B C:\Documents and Settings\AIOPL\Desktop\fckeditor\editor\_source\internals\fckscayt.js --> ftp.theipa.org /httpdocs/includes/fckeditor/editor/_source/internals fckscayt.js
111.02.02 11:00 B C:\Documents and Settings\AIOPL\Desktop\fckeditor\editor\_source\internals\fckselection.js --> ftp.theipa.org /httpdocs/includes/fckeditor/editor/_source/internals fckselection.js
111.02.02 11:00 B C:\Documents and Settings\AIOPL\Desktop\fckeditor\editor\_source\internals\fckselection_gecko.js --> ftp.theipa.org /httpdocs/includes/fckeditor/editor/_source/internals fckselection_gecko.js
111.02.02 11:00 B C:\Documents and Settings\AIOPL\Desktop\fckeditor\editor\_source\internals\fckselection_ie.js --> ftp.theipa.org /httpdocs/includes/fckeditor/editor/_source/internals fckselection_ie.js
111.02.02 11:00 B C:\Documents and Settings\AIOPL\Desktop\fckeditor\editor\_source\internals\fckstyles.js --> ftp.theipa.org /httpdocs/includes/fckeditor/editor/_source/internals fckstyles.js
111.02.02 11:00 B C:\Documents and Settings\AIOPL\Desktop\fckeditor\editor\_source\internals\fcktablehandler.js --> ftp.theipa.org /httpdocs/includes/fckeditor/editor/_source/internals fcktablehandler.js
111.02.02 11:00 B C:\Documents and Settings\AIOPL\Desktop\fckeditor\editor\_source\internals\fcktablehandler_gecko.js --> ftp.theipa.org /httpdocs/includes/fckeditor/editor/_source/internals fcktablehandler_gecko.js
111.02.02 11:00 B C:\Documents and Settings\AIOPL\Desktop\fckeditor\editor\_source\internals\fcktablehandler_ie.js --> ftp.theipa.org /httpdocs/includes/fckeditor/editor/_source/internals fcktablehandler_ie.js
111.02.02 11:01 B C:\Documents and Settings\AIOPL\Desktop\fckeditor\editor\_source\internals\fcktoolbaritems.js --> ftp.theipa.org /httpdocs/includes/fckeditor/editor/_source/internals fcktoolbaritems.js
111.02.02 11:01 B C:\Documents and Settings\AIOPL\Desktop\fckeditor\editor\_source\internals\fcktoolbarset.js --> ftp.theipa.org /httpdocs/includes/fckeditor/editor/_source/internals fcktoolbarset.js
111.02.02 11:01 B C:\Documents and Settings\AIOPL\Desktop\fckeditor\editor\_source\internals\fcktools.js --> ftp.theipa.org /httpdocs/includes/fckeditor/editor/_source/internals fcktools.js
111.02.02 11:01 B C:\Documents and Settings\AIOPL\Desktop\fckeditor\editor\_source\internals\fcktools_gecko.js --> ftp.theipa.org /httpdocs/includes/fckeditor/editor/_source/internals fcktools_gecko.js
111.02.02 11:01 B C:\Documents and Settings\AIOPL\Desktop\fckeditor\editor\_source\internals\fcktools_ie.js --> ftp.theipa.org /httpdocs/includes/fckeditor/editor/_source/internals fcktools_ie.js
111.02.02 11:01 B C:\Documents and Settings\AIOPL\Desktop\fckeditor\editor\_source\internals\fckundo.js --> ftp.theipa.org /httpdocs/includes/fckeditor/editor/_source/internals fckundo.js
111.02.02 11:01 B C:\Documents and Settings\AIOPL\Desktop\fckeditor\editor\_source\internals\fckurlparams.js --> ftp.theipa.org /httpdocs/includes/fckeditor/editor/_source/internals fckurlparams.js
111.02.02 11:01 B C:\Documents and Settings\AIOPL\Desktop\fckeditor\editor\_source\internals\fckxhtml.js --> ftp.theipa.org /httpdocs/includes/fckeditor/editor/_source/internals fckxhtml.js
111.02.02 11:01 B C:\Documents and Settings\AIOPL\Desktop\fckeditor\editor\_source\internals\fckxhtml_gecko.js --> ftp.theipa.org /httpdocs/includes/fckeditor/editor/_source/internals fckxhtml_gecko.js
111.02.02 11:01 B C:\Documents and Settings\AIOPL\Desktop\fckeditor\editor\_source\internals\fckxhtml_ie.js --> ftp.theipa.org /httpdocs/includes/fckeditor/editor/_source/internals fckxhtml_ie.js
111.02.02 11:01 B C:\Documents and Settings\AIOPL\Desktop\fckeditor\editor\_source\internals\fckxhtmlentities.js --> ftp.theipa.org /httpdocs/includes/fckeditor/editor/_source/internals fckxhtmlentities.js
