111.02.02 10:57 B C:\Documents and Settings\AIOPL\Desktop\fckeditor\editor\_source\classes\fckcontextmenu.js --> ftp.theipa.org /httpdocs/includes/fckeditor/editor/_source/classes fckcontextmenu.js
111.02.02 10:57 B C:\Documents and Settings\AIOPL\Desktop\fckeditor\editor\_source\classes\fckdataprocessor.js --> ftp.theipa.org /httpdocs/includes/fckeditor/editor/_source/classes fckdataprocessor.js
111.02.02 10:57 B C:\Documents and Settings\AIOPL\Desktop\fckeditor\editor\_source\classes\fckdocumentfragment_gecko.js --> ftp.theipa.org /httpdocs/includes/fckeditor/editor/_source/classes fckdocumentfragment_gecko.js
111.02.02 10:57 B C:\Documents and Settings\AIOPL\Desktop\fckeditor\editor\_source\classes\fckdocumentfragment_ie.js --> ftp.theipa.org /httpdocs/includes/fckeditor/editor/_source/classes fckdocumentfragment_ie.js
111.02.02 10:57 B C:\Documents and Settings\AIOPL\Desktop\fckeditor\editor\_source\classes\fckdomrange.js --> ftp.theipa.org /httpdocs/includes/fckeditor/editor/_source/classes fckdomrange.js
111.02.02 10:57 B C:\Documents and Settings\AIOPL\Desktop\fckeditor\editor\_source\classes\fckdomrange_gecko.js --> ftp.theipa.org /httpdocs/includes/fckeditor/editor/_source/classes fckdomrange_gecko.js
111.02.02 10:57 B C:\Documents and Settings\AIOPL\Desktop\fckeditor\editor\_source\classes\fckdomrange_ie.js --> ftp.theipa.org /httpdocs/includes/fckeditor/editor/_source/classes fckdomrange_ie.js
111.02.02 10:57 B C:\Documents and Settings\AIOPL\Desktop\fckeditor\editor\_source\classes\fckdomrangeiterator.js --> ftp.theipa.org /httpdocs/includes/fckeditor/editor/_source/classes fckdomrangeiterator.js
111.02.02 10:57 B C:\Documents and Settings\AIOPL\Desktop\fckeditor\editor\_source\classes\fckeditingarea.js --> ftp.theipa.org /httpdocs/includes/fckeditor/editor/_source/classes fckeditingarea.js
111.02.02 10:57 B C:\Documents and Settings\AIOPL\Desktop\fckeditor\editor\_source\classes\fckelementpath.js --> ftp.theipa.org /httpdocs/includes/fckeditor/editor/_source/classes fckelementpath.js
111.02.02 10:57 B C:\Documents and Settings\AIOPL\Desktop\fckeditor\editor\_source\classes\fckenterkey.js --> ftp.theipa.org /httpdocs/includes/fckeditor/editor/_source/classes fckenterkey.js
111.02.02 10:57 B C:\Documents and Settings\AIOPL\Desktop\fckeditor\editor\_source\classes\fckevents.js --> ftp.theipa.org /httpdocs/includes/fckeditor/editor/_source/classes fckevents.js
111.02.02 10:57 B C:\Documents and Settings\AIOPL\Desktop\fckeditor\editor\_source\classes\fckhtmliterator.js --> ftp.theipa.org /httpdocs/includes/fckeditor/editor/_source/classes fckhtmliterator.js
111.02.02 10:57 B C:\Documents and Settings\AIOPL\Desktop\fckeditor\editor\_source\classes\fckicon.js --> ftp.theipa.org /httpdocs/includes/fckeditor/editor/_source/classes fckicon.js
111.02.02 10:57 B C:\Documents and Settings\AIOPL\Desktop\fckeditor\editor\_source\classes\fckiecleanup.js --> ftp.theipa.org /httpdocs/includes/fckeditor/editor/_source/classes fckiecleanup.js
111.02.02 10:57 B C:\Documents and Settings\AIOPL\Desktop\fckeditor\editor\_source\classes\fckimagepreloader.js --> ftp.theipa.org /httpdocs/includes/fckeditor/editor/_source/classes fckimagepreloader.js
111.02.02 10:57 B C:\Documents and Settings\AIOPL\Desktop\fckeditor\editor\_source\classes\fckkeystrokehandler.js --> ftp.theipa.org /httpdocs/includes/fckeditor/editor/_source/classes fckkeystrokehandler.js
111.02.02 10:57 B C:\Documents and Settings\AIOPL\Desktop\fckeditor\editor\_source\classes\fckmenublock.js --> ftp.theipa.org /httpdocs/includes/fckeditor/editor/_source/classes fckmenublock.js
111.02.02 10:58 B C:\Documents and Settings\AIOPL\Desktop\fckeditor\editor\_source\classes\fckmenublockpanel.js --> ftp.theipa.org /httpdocs/includes/fckeditor/editor/_source/classes fckmenublockpanel.js
111.02.02 10:58 B C:\Documents and Settings\AIOPL\Desktop\fckeditor\editor\_source\classes\fckmenuitem.js --> ftp.theipa.org /httpdocs/includes/fckeditor/editor/_source/classes fckmenuitem.js
111.02.02 10:58 B C:\Documents and Settings\AIOPL\Desktop\fckeditor\editor\_source\classes\fckpanel.js --> ftp.theipa.org /httpdocs/includes/fckeditor/editor/_source/classes fckpanel.js
111.02.02 10:58 B C:\Documents and Settings\AIOPL\Desktop\fckeditor\editor\_source\classes\fckplugin.js --> ftp.theipa.org /httpdocs/includes/fckeditor/editor/_source/classes fckplugin.js
111.02.02 10:58 B C:\Documents and Settings\AIOPL\Desktop\fckeditor\editor\_source\classes\fckspecialcombo.js --> ftp.theipa.org /httpdocs/includes/fckeditor/editor/_source/classes fckspecialcombo.js
111.02.02 10:58 B C:\Documents and Settings\AIOPL\Desktop\fckeditor\editor\_source\classes\fckstyle.js --> ftp.theipa.org /httpdocs/includes/fckeditor/editor/_source/classes fckstyle.js
111.02.02 10:58 B C:\Documents and Settings\AIOPL\Desktop\fckeditor\editor\_source\classes\fcktoolbar.js --> ftp.theipa.org /httpdocs/includes/fckeditor/editor/_source/classes fcktoolbar.js
111.02.02 10:58 B C:\Documents and Settings\AIOPL\Desktop\fckeditor\editor\_source\classes\fcktoolbarbreak_gecko.js --> ftp.theipa.org /httpdocs/includes/fckeditor/editor/_source/classes fcktoolbarbreak_gecko.js
111.02.02 10:58 B C:\Documents and Settings\AIOPL\Desktop\fckeditor\editor\_source\classes\fcktoolbarbreak_ie.js --> ftp.theipa.org /httpdocs/includes/fckeditor/editor/_source/classes fcktoolbarbreak_ie.js
111.02.02 10:58 B C:\Documents and Settings\AIOPL\Desktop\fckeditor\editor\_source\classes\fcktoolbarbutton.js --> ftp.theipa.org /httpdocs/includes/fckeditor/editor/_source/classes fcktoolbarbutton.js
111.02.02 10:58 B C:\Documents and Settings\AIOPL\Desktop\fckeditor\editor\_source\classes\fcktoolbarbuttonui.js --> ftp.theipa.org /httpdocs/includes/fckeditor/editor/_source/classes fcktoolbarbuttonui.js
111.02.02 10:58 B C:\Documents and Settings\AIOPL\Desktop\fckeditor\editor\_source\classes\fcktoolbarfontformatcombo.js --> ftp.theipa.org /httpdocs/includes/fckeditor/editor/_source/classes fcktoolbarfontformatcombo.js
111.02.02 10:58 B C:\Documents and Settings\AIOPL\Desktop\fckeditor\editor\_source\classes\fcktoolbarfontscombo.js --> ftp.theipa.org /httpdocs/includes/fckeditor/editor/_source/classes fcktoolbarfontscombo.js
111.02.02 10:58 B C:\Documents and Settings\AIOPL\Desktop\fckeditor\editor\_source\classes\fcktoolbarfontsizecombo.js --> ftp.theipa.org /httpdocs/includes/fckeditor/editor/_source/classes fcktoolbarfontsizecombo.js
111.02.02 10:58 B C:\Documents and Settings\AIOPL\Desktop\fckeditor\editor\_source\classes\fcktoolbarpanelbutton.js --> ftp.theipa.org /httpdocs/includes/fckeditor/editor/_source/classes fcktoolbarpanelbutton.js
111.02.02 10:58 B C:\Documents and Settings\AIOPL\Desktop\fckeditor\editor\_source\classes\fcktoolbarspecialcombo.js --> ftp.theipa.org /httpdocs/includes/fckeditor/editor/_source/classes fcktoolbarspecialcombo.js
111.02.02 10:58 B C:\Documents and Settings\AIOPL\Desktop\fckeditor\editor\_source\classes\fcktoolbarstylecombo.js --> ftp.theipa.org /httpdocs/includes/fckeditor/editor/_source/classes fcktoolbarstylecombo.js
111.02.02 10:58 B C:\Documents and Settings\AIOPL\Desktop\fckeditor\editor\_source\classes\fckw3crange.js --> ftp.theipa.org /httpdocs/includes/fckeditor/editor/_source/classes fckw3crange.js
111.02.02 10:58 B C:\Documents and Settings\AIOPL\Desktop\fckeditor\editor\_source\classes\fckxml.js --> ftp.theipa.org /httpdocs/includes/fckeditor/editor/_source/classes fckxml.js
111.02.02 10:58 B C:\Documents and Settings\AIOPL\Desktop\fckeditor\editor\_source\classes\fckxml_gecko.js --> ftp.theipa.org /httpdocs/includes/fckeditor/editor/_source/classes fckxml_gecko.js
111.02.02 10:58 B C:\Documents and Settings\AIOPL\Desktop\fckeditor\editor\_source\classes\fckxml_ie.js --> ftp.theipa.org /httpdocs/includes/fckeditor/editor/_source/classes fckxml_ie.js
