111.02.02 11:08 B C:\Documents and Settings\AIOPL\Desktop\fckeditor\editor\filemanager\browser\default\images\icons\ai.gif --> ftp.theipa.org /httpdocs/includes/fckeditor/editor/filemanager/browser/default/images/icons ai.gif
111.02.02 11:08 B C:\Documents and Settings\AIOPL\Desktop\fckeditor\editor\filemanager\browser\default\images\icons\avi.gif --> ftp.theipa.org /httpdocs/includes/fckeditor/editor/filemanager/browser/default/images/icons avi.gif
111.02.02 11:08 B C:\Documents and Settings\AIOPL\Desktop\fckeditor\editor\filemanager\browser\default\images\icons\bmp.gif --> ftp.theipa.org /httpdocs/includes/fckeditor/editor/filemanager/browser/default/images/icons bmp.gif
111.02.02 11:08 B C:\Documents and Settings\AIOPL\Desktop\fckeditor\editor\filemanager\browser\default\images\icons\cs.gif --> ftp.theipa.org /httpdocs/includes/fckeditor/editor/filemanager/browser/default/images/icons cs.gif
111.02.02 11:08 B C:\Documents and Settings\AIOPL\Desktop\fckeditor\editor\filemanager\browser\default\images\icons\default.icon.gif --> ftp.theipa.org /httpdocs/includes/fckeditor/editor/filemanager/browser/default/images/icons default.icon.gif
111.02.02 11:08 B C:\Documents and Settings\AIOPL\Desktop\fckeditor\editor\filemanager\browser\default\images\icons\dll.gif --> ftp.theipa.org /httpdocs/includes/fckeditor/editor/filemanager/browser/default/images/icons dll.gif
111.02.02 11:08 B C:\Documents and Settings\AIOPL\Desktop\fckeditor\editor\filemanager\browser\default\images\icons\doc.gif --> ftp.theipa.org /httpdocs/includes/fckeditor/editor/filemanager/browser/default/images/icons doc.gif
111.02.02 11:08 B C:\Documents and Settings\AIOPL\Desktop\fckeditor\editor\filemanager\browser\default\images\icons\exe.gif --> ftp.theipa.org /httpdocs/includes/fckeditor/editor/filemanager/browser/default/images/icons exe.gif
111.02.02 11:08 B C:\Documents and Settings\AIOPL\Desktop\fckeditor\editor\filemanager\browser\default\images\icons\fla.gif --> ftp.theipa.org /httpdocs/includes/fckeditor/editor/filemanager/browser/default/images/icons fla.gif
111.02.02 11:08 B C:\Documents and Settings\AIOPL\Desktop\fckeditor\editor\filemanager\browser\default\images\icons\gif.gif --> ftp.theipa.org /httpdocs/includes/fckeditor/editor/filemanager/browser/default/images/icons gif.gif
111.02.02 11:08 B C:\Documents and Settings\AIOPL\Desktop\fckeditor\editor\filemanager\browser\default\images\icons\htm.gif --> ftp.theipa.org /httpdocs/includes/fckeditor/editor/filemanager/browser/default/images/icons htm.gif
111.02.02 11:08 B C:\Documents and Settings\AIOPL\Desktop\fckeditor\editor\filemanager\browser\default\images\icons\html.gif --> ftp.theipa.org /httpdocs/includes/fckeditor/editor/filemanager/browser/default/images/icons html.gif
111.02.02 11:08 B C:\Documents and Settings\AIOPL\Desktop\fckeditor\editor\filemanager\browser\default\images\icons\jpg.gif --> ftp.theipa.org /httpdocs/includes/fckeditor/editor/filemanager/browser/default/images/icons jpg.gif
111.02.02 11:08 B C:\Documents and Settings\AIOPL\Desktop\fckeditor\editor\filemanager\browser\default\images\icons\js.gif --> ftp.theipa.org /httpdocs/includes/fckeditor/editor/filemanager/browser/default/images/icons js.gif
111.02.02 11:08 B C:\Documents and Settings\AIOPL\Desktop\fckeditor\editor\filemanager\browser\default\images\icons\mdb.gif --> ftp.theipa.org /httpdocs/includes/fckeditor/editor/filemanager/browser/default/images/icons mdb.gif
111.02.02 11:08 B C:\Documents and Settings\AIOPL\Desktop\fckeditor\editor\filemanager\browser\default\images\icons\mp3.gif --> ftp.theipa.org /httpdocs/includes/fckeditor/editor/filemanager/browser/default/images/icons mp3.gif
111.02.02 11:08 B C:\Documents and Settings\AIOPL\Desktop\fckeditor\editor\filemanager\browser\default\images\icons\pdf.gif --> ftp.theipa.org /httpdocs/includes/fckeditor/editor/filemanager/browser/default/images/icons pdf.gif
111.02.02 11:08 B C:\Documents and Settings\AIOPL\Desktop\fckeditor\editor\filemanager\browser\default\images\icons\png.gif --> ftp.theipa.org /httpdocs/includes/fckeditor/editor/filemanager/browser/default/images/icons png.gif
111.02.02 11:08 B C:\Documents and Settings\AIOPL\Desktop\fckeditor\editor\filemanager\browser\default\images\icons\ppt.gif --> ftp.theipa.org /httpdocs/includes/fckeditor/editor/filemanager/browser/default/images/icons ppt.gif
111.02.02 11:08 B C:\Documents and Settings\AIOPL\Desktop\fckeditor\editor\filemanager\browser\default\images\icons\rdp.gif --> ftp.theipa.org /httpdocs/includes/fckeditor/editor/filemanager/browser/default/images/icons rdp.gif
111.02.02 11:08 B C:\Documents and Settings\AIOPL\Desktop\fckeditor\editor\filemanager\browser\default\images\icons\swf.gif --> ftp.theipa.org /httpdocs/includes/fckeditor/editor/filemanager/browser/default/images/icons swf.gif
111.02.02 11:08 B C:\Documents and Settings\AIOPL\Desktop\fckeditor\editor\filemanager\browser\default\images\icons\swt.gif --> ftp.theipa.org /httpdocs/includes/fckeditor/editor/filemanager/browser/default/images/icons swt.gif
111.02.02 11:08 B C:\Documents and Settings\AIOPL\Desktop\fckeditor\editor\filemanager\browser\default\images\icons\txt.gif --> ftp.theipa.org /httpdocs/includes/fckeditor/editor/filemanager/browser/default/images/icons txt.gif
111.02.02 11:08 B C:\Documents and Settings\AIOPL\Desktop\fckeditor\editor\filemanager\browser\default\images\icons\vsd.gif --> ftp.theipa.org /httpdocs/includes/fckeditor/editor/filemanager/browser/default/images/icons vsd.gif
111.02.02 11:08 B C:\Documents and Settings\AIOPL\Desktop\fckeditor\editor\filemanager\browser\default\images\icons\xls.gif --> ftp.theipa.org /httpdocs/includes/fckeditor/editor/filemanager/browser/default/images/icons xls.gif
111.02.02 11:08 B C:\Documents and Settings\AIOPL\Desktop\fckeditor\editor\filemanager\browser\default\images\icons\xml.gif --> ftp.theipa.org /httpdocs/includes/fckeditor/editor/filemanager/browser/default/images/icons xml.gif
111.02.02 11:08 B C:\Documents and Settings\AIOPL\Desktop\fckeditor\editor\filemanager\browser\default\images\icons\zip.gif --> ftp.theipa.org /httpdocs/includes/fckeditor/editor/filemanager/browser/default/images/icons zip.gif
