111.02.02 11:07 B C:\Documents and Settings\AIOPL\Desktop\fckeditor\editor\filemanager\browser\default\images\icons\32\ai.gif --> ftp.theipa.org /httpdocs/includes/fckeditor/editor/filemanager/browser/default/images/icons/32 ai.gif
111.02.02 11:07 B C:\Documents and Settings\AIOPL\Desktop\fckeditor\editor\filemanager\browser\default\images\icons\32\avi.gif --> ftp.theipa.org /httpdocs/includes/fckeditor/editor/filemanager/browser/default/images/icons/32 avi.gif
111.02.02 11:07 B C:\Documents and Settings\AIOPL\Desktop\fckeditor\editor\filemanager\browser\default\images\icons\32\bmp.gif --> ftp.theipa.org /httpdocs/includes/fckeditor/editor/filemanager/browser/default/images/icons/32 bmp.gif
111.02.02 11:07 B C:\Documents and Settings\AIOPL\Desktop\fckeditor\editor\filemanager\browser\default\images\icons\32\cs.gif --> ftp.theipa.org /httpdocs/includes/fckeditor/editor/filemanager/browser/default/images/icons/32 cs.gif
111.02.02 11:07 B C:\Documents and Settings\AIOPL\Desktop\fckeditor\editor\filemanager\browser\default\images\icons\32\default.icon.gif --> ftp.theipa.org /httpdocs/includes/fckeditor/editor/filemanager/browser/default/images/icons/32 default.icon.gif
111.02.02 11:07 B C:\Documents and Settings\AIOPL\Desktop\fckeditor\editor\filemanager\browser\default\images\icons\32\dll.gif --> ftp.theipa.org /httpdocs/includes/fckeditor/editor/filemanager/browser/default/images/icons/32 dll.gif
111.02.02 11:07 B C:\Documents and Settings\AIOPL\Desktop\fckeditor\editor\filemanager\browser\default\images\icons\32\doc.gif --> ftp.theipa.org /httpdocs/includes/fckeditor/editor/filemanager/browser/default/images/icons/32 doc.gif
111.02.02 11:07 B C:\Documents and Settings\AIOPL\Desktop\fckeditor\editor\filemanager\browser\default\images\icons\32\exe.gif --> ftp.theipa.org /httpdocs/includes/fckeditor/editor/filemanager/browser/default/images/icons/32 exe.gif
111.02.02 11:07 B C:\Documents and Settings\AIOPL\Desktop\fckeditor\editor\filemanager\browser\default\images\icons\32\fla.gif --> ftp.theipa.org /httpdocs/includes/fckeditor/editor/filemanager/browser/default/images/icons/32 fla.gif
111.02.02 11:07 B C:\Documents and Settings\AIOPL\Desktop\fckeditor\editor\filemanager\browser\default\images\icons\32\gif.gif --> ftp.theipa.org /httpdocs/includes/fckeditor/editor/filemanager/browser/default/images/icons/32 gif.gif
111.02.02 11:07 B C:\Documents and Settings\AIOPL\Desktop\fckeditor\editor\filemanager\browser\default\images\icons\32\htm.gif --> ftp.theipa.org /httpdocs/includes/fckeditor/editor/filemanager/browser/default/images/icons/32 htm.gif
111.02.02 11:07 B C:\Documents and Settings\AIOPL\Desktop\fckeditor\editor\filemanager\browser\default\images\icons\32\html.gif --> ftp.theipa.org /httpdocs/includes/fckeditor/editor/filemanager/browser/default/images/icons/32 html.gif
111.02.02 11:07 B C:\Documents and Settings\AIOPL\Desktop\fckeditor\editor\filemanager\browser\default\images\icons\32\jpg.gif --> ftp.theipa.org /httpdocs/includes/fckeditor/editor/filemanager/browser/default/images/icons/32 jpg.gif
111.02.02 11:07 B C:\Documents and Settings\AIOPL\Desktop\fckeditor\editor\filemanager\browser\default\images\icons\32\js.gif --> ftp.theipa.org /httpdocs/includes/fckeditor/editor/filemanager/browser/default/images/icons/32 js.gif
111.02.02 11:07 B C:\Documents and Settings\AIOPL\Desktop\fckeditor\editor\filemanager\browser\default\images\icons\32\mdb.gif --> ftp.theipa.org /httpdocs/includes/fckeditor/editor/filemanager/browser/default/images/icons/32 mdb.gif
111.02.02 11:07 B C:\Documents and Settings\AIOPL\Desktop\fckeditor\editor\filemanager\browser\default\images\icons\32\mp3.gif --> ftp.theipa.org /httpdocs/includes/fckeditor/editor/filemanager/browser/default/images/icons/32 mp3.gif
111.02.02 11:07 B C:\Documents and Settings\AIOPL\Desktop\fckeditor\editor\filemanager\browser\default\images\icons\32\pdf.gif --> ftp.theipa.org /httpdocs/includes/fckeditor/editor/filemanager/browser/default/images/icons/32 pdf.gif
111.02.02 11:07 B C:\Documents and Settings\AIOPL\Desktop\fckeditor\editor\filemanager\browser\default\images\icons\32\png.gif --> ftp.theipa.org /httpdocs/includes/fckeditor/editor/filemanager/browser/default/images/icons/32 png.gif
111.02.02 11:07 B C:\Documents and Settings\AIOPL\Desktop\fckeditor\editor\filemanager\browser\default\images\icons\32\ppt.gif --> ftp.theipa.org /httpdocs/includes/fckeditor/editor/filemanager/browser/default/images/icons/32 ppt.gif
111.02.02 11:07 B C:\Documents and Settings\AIOPL\Desktop\fckeditor\editor\filemanager\browser\default\images\icons\32\rdp.gif --> ftp.theipa.org /httpdocs/includes/fckeditor/editor/filemanager/browser/default/images/icons/32 rdp.gif
111.02.02 11:07 B C:\Documents and Settings\AIOPL\Desktop\fckeditor\editor\filemanager\browser\default\images\icons\32\swf.gif --> ftp.theipa.org /httpdocs/includes/fckeditor/editor/filemanager/browser/default/images/icons/32 swf.gif
111.02.02 11:07 B C:\Documents and Settings\AIOPL\Desktop\fckeditor\editor\filemanager\browser\default\images\icons\32\swt.gif --> ftp.theipa.org /httpdocs/includes/fckeditor/editor/filemanager/browser/default/images/icons/32 swt.gif
111.02.02 11:07 B C:\Documents and Settings\AIOPL\Desktop\fckeditor\editor\filemanager\browser\default\images\icons\32\txt.gif --> ftp.theipa.org /httpdocs/includes/fckeditor/editor/filemanager/browser/default/images/icons/32 txt.gif
111.02.02 11:07 B C:\Documents and Settings\AIOPL\Desktop\fckeditor\editor\filemanager\browser\default\images\icons\32\vsd.gif --> ftp.theipa.org /httpdocs/includes/fckeditor/editor/filemanager/browser/default/images/icons/32 vsd.gif
111.02.02 11:07 B C:\Documents and Settings\AIOPL\Desktop\fckeditor\editor\filemanager\browser\default\images\icons\32\xls.gif --> ftp.theipa.org /httpdocs/includes/fckeditor/editor/filemanager/browser/default/images/icons/32 xls.gif
111.02.02 11:08 B C:\Documents and Settings\AIOPL\Desktop\fckeditor\editor\filemanager\browser\default\images\icons\32\xml.gif --> ftp.theipa.org /httpdocs/includes/fckeditor/editor/filemanager/browser/default/images/icons/32 xml.gif
111.02.02 11:08 B C:\Documents and Settings\AIOPL\Desktop\fckeditor\editor\filemanager\browser\default\images\icons\32\zip.gif --> ftp.theipa.org /httpdocs/includes/fckeditor/editor/filemanager/browser/default/images/icons/32 zip.gif
